Arguments: 
  C:\Program Files\nodejs\node.exe C:\Users\trickster\AppData\Roaming\npm\node_modules\yarn\bin\yarn.js add material-ui-icons

PATH: 
  C:\Python27\;C:\Python27\Scripts;C:\Program Files (x86)\Intel\iCLS Client\;C:\Program Files\Intel\iCLS Client\;C:\Windows\system32;C:\Windows;C:\Windows\System32\Wbem;C:\Windows\System32\WindowsPowerShell\v1.0\;C:\Program Files\Intel\Intel(R) Management Engine Components\DAL;C:\Program Files\Intel\Intel(R) Management Engine Components\IPT;C:\Program Files (x86)\Intel\Intel(R) Management Engine Components\DAL;C:\Program Files (x86)\Intel\Intel(R) Management Engine Components\IPT;C:\Program Files\Acer\Remote Files\;C:\ProgramData\chocolatey\bin;C:\Program Files\Git\cmd;C:\Program Files\nodejs\;C:\Program Files (x86)\Windows Kits\8.1\Windows Performance Toolkit\;C:\Program Files\Microsoft SQL Server\110\Tools\Binn\;C:\Program Files (x86)\Microsoft SDKs\TypeScript\1.0\;C:\Program Files\Microsoft SQL Server\120\Tools\Binn\;C:\Program Files (x86)\NVIDIA Corporation\PhysX\Common;C:\WINDOWS\system32;C:\WINDOWS;C:\WINDOWS\System32\Wbem;C:\WINDOWS\System32\WindowsPowerShell\v1.0\;C:\Go\bin;;C:\Program Files\Microsoft VS Code\bin;C:\Users\trickster\AppData\Roaming\npm;%USERPROFILE%\AppData\Local\Microsoft\WindowsApps

Yarn version: 
  1.3.2

Node version: 
  8.9.1

Platform: 
  win32 x64

npm manifest: 
  {
    "name": "player2",
    "version": "0.0.0",
    "main": "main.js",
    "scripts": {
      "prod": "webpack --config webpack.build.config.js && electron --noDevServer .",
      "dev": "webpack-dev-server --hot --host 0.0.0.0 --port 4000 --config=./webpack.dev.config.js",
      "build": "webpack --config webpack.build.config.js",
      "package": "webpack --config webpack.build.config.js",
      "postpackage": "electron-packager ./ --out=./builds"
    },
    "devDependencies": {
      "babel-core": "^6.24.1",
      "babel-loader": "^7.1.2",
      "babel-preset-react": "^6.24.1",
      "babili-webpack-plugin": "^0.1.2",
      "css-loader": "^0.28.1",
      "electron": "^1.8.3",
      "electron-packager": "^9.1.0",
      "extract-text-webpack-plugin": "^3.0.1",
      "file-loader": "^1.1.5",
      "html-webpack-plugin": "^2.28.0",
      "react": "^16.0.0",
      "react-dom": "^16.0.0",
      "style-loader": "^0.19.0",
      "webpack": "^3.6.0",
      "webpack-dev-server": "^2.4.5"
    }
  }

yarn manifest: 
  No manifest

Lockfile: 
  No lockfile

Trace: 
  Error: EBUSY: resource busy or locked, unlink 'C:\Users\trickster\Desktop\electron\player2\node_modules\electron\dist\content_resources_200_percent.pak'
